# JRE version: OpenJDK Runtime Environment (21.0.6) (build 21.0.6+-13391695-b895.109)
# Java VM: OpenJDK 64-Bit Server VM (21.0.6+-13391695-b895.109, mixed mode, tiered, compressed oops, compressed class ptrs, g1 gc, windows-amd64)
GC Precious Log:
 CardTable entry size: 512
 Card Set container configuration: InlinePtr #cards 5 size 8 Array Of Cards #cards 12 size 40 Howl #buckets 4 coarsen threshold 1843 Howl Bitmap #cards 512 size 80 coarsen threshold 460 Card regions per heap region 1 cards per card region 2048
 CPUs: 6 total, 6 available
 Memory: 7545M
 Large Page Support: Disabled
 NUMA Support: Disabled
 Compressed Oops: Enabled (32-bit)
 Heap Region Size: 1M
 Heap Min Capacity: 8M
 Heap Initial Capacity: 118M
 Heap Max Capacity: 2G
 Pre-touch: Disabled
 Parallel Workers: 6
 Concurrent Workers: 2
 Concurrent Refinement Workers: 6
 Periodic GC: Disabled
Heap:
 garbage-first heap   total 198656K, used 153805K [0x0000000080000000, 0x0000000100000000)
  region size 1024K, 40 young (40960K), 4 survivors (4096K)
 Metaspace       used 85713K, committed 87424K, reserved 1179648K
  class space    used 11514K, committed 12352K, reserved 1048576K
GC Heap History (20 events):
Event: 8.947 GC heap before
{Heap before GC invocations=21 (full 0):
 garbage-first heap   total 133120K, used 114797K [0x0000000080000000, 0x0000000100000000)
  region size 1024K, 37 young (37888K), 2 survivors (2048K)
 Metaspace       used 58863K, committed 60288K, reserved 1114112K
  class space    used 8057K, committed 8768K, reserved 1048576K
}
Event: 8.949 GC heap after
{Heap after GC invocations=22 (full 0):
 garbage-first heap   total 133120K, used 79301K [0x0000000080000000, 0x0000000100000000)
  region size 1024K, 3 young (3072K), 3 survivors (3072K)
 Metaspace       used 58863K, committed 60288K, reserved 1114112K
  class space    used 8057K, committed 8768K, reserved 1048576K
}
Event: 9.082 GC heap before
{Heap before GC invocations=22 (full 0):
 garbage-first heap   total 133120K, used 121285K [0x0000000080000000, 0x0000000100000000)
  region size 1024K, 44 young (45056K), 3 survivors (3072K)
 Metaspace       used 58864K, committed 60288K, reserved 1114112K
  class space    used 8057K, committed 8768K, reserved 1048576K
}
Event: 9.085 GC heap after
{Heap after GC invocations=23 (full 0):
 garbage-first heap   total 133120K, used 80600K [0x0000000080000000, 0x0000000100000000)
  region size 1024K, 4 young (4096K), 4 survivors (4096K)
 Metaspace       used 58864K, committed 60288K, reserved 1114112K
  class space    used 8057K, committed 8768K, reserved 1048576K
}
Event: 11.109 GC heap before
{Heap before GC invocations=23 (full 0):
 garbage-first heap   total 133120K, used 118488K [0x0000000080000000, 0x0000000100000000)
  region size 1024K, 42 young (43008K), 4 survivors (4096K)
 Metaspace       used 62185K, committed 63616K, reserved 1114112K
  class space    used 8428K, committed 9152K, reserved 1048576K
}
Event: 11.114 GC heap after
{Heap after GC invocations=24 (full 0):
 garbage-first heap   total 159744K, used 84855K [0x0000000080000000, 0x0000000100000000)
  region size 1024K, 6 young (6144K), 6 survivors (6144K)
 Metaspace       used 62185K, committed 63616K, reserved 1114112K
  class space    used 8428K, committed 9152K, reserved 1048576K
}
Event: 11.264 GC heap before
{Heap before GC invocations=25 (full 0):
 garbage-first heap   total 159744K, used 151415K [0x0000000080000000, 0x0000000100000000)
  region size 1024K, 64 young (65536K), 6 survivors (6144K)
 Metaspace       used 62293K, committed 63744K, reserved 1114112K
  class space    used 8431K, committed 9152K, reserved 1048576K
}
Event: 11.269 GC heap after
{Heap after GC invocations=26 (full 0):
 garbage-first heap   total 159744K, used 93360K [0x0000000080000000, 0x0000000100000000)
  region size 1024K, 2 young (2048K), 2 survivors (2048K)
 Metaspace       used 62293K, committed 63744K, reserved 1114112K
  class space    used 8431K, committed 9152K, reserved 1048576K
}
Event: 12.558 GC heap before
{Heap before GC invocations=26 (full 0):
 garbage-first heap   total 159744K, used 155824K [0x0000000080000000, 0x0000000100000000)
  region size 1024K, 55 young (56320K), 2 survivors (2048K)
 Metaspace       used 65785K, committed 67328K, reserved 1114112K
  class space    used 8783K, committed 9536K, reserved 1048576K
}
Event: 12.562 GC heap after
{Heap after GC invocations=27 (full 0):
 garbage-first heap   total 162816K, used 102887K [0x0000000080000000, 0x0000000100000000)
  region size 1024K, 4 young (4096K), 4 survivors (4096K)
 Metaspace       used 65785K, committed 67328K, reserved 1114112K
  class space    used 8783K, committed 9536K, reserved 1048576K
}
Event: 16.749 GC heap before
{Heap before GC invocations=27 (full 0):
 garbage-first heap   total 162816K, used 148967K [0x0000000080000000, 0x0000000100000000)
  region size 1024K, 49 young (50176K), 4 survivors (4096K)
 Metaspace       used 72254K, committed 73920K, reserved 1114112K
  class space    used 9711K, committed 10560K, reserved 1048576K
}
Event: 16.757 GC heap after
{Heap after GC invocations=28 (full 0):
 garbage-first heap   total 162816K, used 104890K [0x0000000080000000, 0x0000000100000000)
  region size 1024K, 6 young (6144K), 6 survivors (6144K)
 Metaspace       used 72254K, committed 73920K, reserved 1114112K
  class space    used 9711K, committed 10560K, reserved 1048576K
}
Event: 18.783 GC heap before
{Heap before GC invocations=29 (full 0):
 garbage-first heap   total 176128K, used 145850K [0x0000000080000000, 0x0000000100000000)
  region size 1024K, 46 young (47104K), 6 survivors (6144K)
 Metaspace       used 76490K, committed 78272K, reserved 1179648K
  class space    used 10401K, committed 11264K, reserved 1048576K
}
Event: 18.792 GC heap after
{Heap after GC invocations=30 (full 0):
 garbage-first heap   total 176128K, used 106949K [0x0000000080000000, 0x0000000100000000)
  region size 1024K, 5 young (5120K), 5 survivors (5120K)
 Metaspace       used 76490K, committed 78272K, reserved 1179648K
  class space    used 10401K, committed 11264K, reserved 1048576K
}
Event: 20.952 GC heap before
{Heap before GC invocations=30 (full 0):
 garbage-first heap   total 176128K, used 158149K [0x0000000080000000, 0x0000000100000000)
  region size 1024K, 56 young (57344K), 5 survivors (5120K)
 Metaspace       used 85057K, committed 86848K, reserved 1179648K
  class space    used 11501K, committed 12352K, reserved 1048576K
}
Event: 20.962 GC heap after
{Heap after GC invocations=31 (full 0):
 garbage-first heap   total 176128K, used 111858K [0x0000000080000000, 0x0000000100000000)
  region size 1024K, 7 young (7168K), 7 survivors (7168K)
 Metaspace       used 85057K, committed 86848K, reserved 1179648K
  class space    used 11501K, committed 12352K, reserved 1048576K
}
Event: 21.719 GC heap before
{Heap before GC invocations=31 (full 0):
 garbage-first heap   total 176128K, used 156914K [0x0000000080000000, 0x0000000100000000)
  region size 1024K, 52 young (53248K), 7 survivors (7168K)
 Metaspace       used 85662K, committed 87424K, reserved 1179648K
  class space    used 11524K, committed 12352K, reserved 1048576K
}
Event: 21.727 GC heap after
{Heap after GC invocations=32 (full 0):
 garbage-first heap   total 176128K, used 117471K [0x0000000080000000, 0x0000000100000000)
  region size 1024K, 6 young (6144K), 6 survivors (6144K)
 Metaspace       used 85662K, committed 87424K, reserved 1179648K
  class space    used 11524K, committed 12352K, reserved 1048576K
}
Event: 22.170 GC heap before
{Heap before GC invocations=33 (full 0):
 garbage-first heap   total 198656K, used 157407K [0x0000000080000000, 0x0000000100000000)
  region size 1024K, 45 young (46080K), 6 survivors (6144K)
 Metaspace       used 85706K, committed 87424K, reserved 1179648K
  class space    used 11514K, committed 12352K, reserved 1048576K
}
Event: 22.175 GC heap after
{Heap after GC invocations=34 (full 0):
 garbage-first heap   total 198656K, used 118989K [0x0000000080000000, 0x0000000100000000)
  region size 1024K, 4 young (4096K), 4 survivors (4096K)
 Metaspace       used 85706K, committed 87424K, reserved 1179648K
  class space    used 11514K, committed 12352K, reserved 1048576K
}

