# JRE version: OpenJDK Runtime Environment (21.0.3) (build 21.0.3+-12282718-b509.11)
# Java VM: OpenJDK 64-Bit Server VM (21.0.3+-12282718-b509.11, mixed mode, tiered, compressed oops, compressed class ptrs, g1 gc, windows-amd64)
GC Precious Log:
 CardTable entry size: 512
 Card Set container configuration: InlinePtr #cards 5 size 8 Array Of Cards #cards 12 size 40 Howl #buckets 4 coarsen threshold 1843 Howl Bitmap #cards 512 size 80 coarsen threshold 460 Card regions per heap region 1 cards per card region 2048
 CPUs: 6 total, 6 available
 Memory: 7545M
 Large Page Support: Disabled
 NUMA Support: Disabled
 Compressed Oops: Enabled (32-bit)
 Heap Region Size: 1M
 Heap Min Capacity: 8M
 Heap Initial Capacity: 118M
 Heap Max Capacity: 2G
 Pre-touch: Disabled
 Parallel Workers: 6
 Concurrent Workers: 2
 Concurrent Refinement Workers: 6
 Periodic GC: Disabled
Heap:
 garbage-first heap   total 296960K, used 201041K [0x0000000080000000, 0x0000000100000000)
  region size 1024K, 16 young (16384K), 3 survivors (3072K)
 Metaspace       used 159681K, committed 162048K, reserved 1245184K
  class space    used 20417K, committed 21632K, reserved 1048576K
GC Heap History (20 events):
Event: 11.919 GC heap before
{Heap before GC invocations=33 (full 0):
 garbage-first heap   total 199680K, used 183817K [0x0000000080000000, 0x0000000100000000)
  region size 1024K, 69 young (70656K), 4 survivors (4096K)
 Metaspace       used 120433K, committed 122624K, reserved 1179648K
  class space    used 16111K, committed 17216K, reserved 1048576K
}
Event: 11.926 GC heap after
{Heap after GC invocations=34 (full 0):
 garbage-first heap   total 239616K, used 120099K [0x0000000080000000, 0x0000000100000000)
  region size 1024K, 9 young (9216K), 9 survivors (9216K)
 Metaspace       used 120433K, committed 122624K, reserved 1179648K
  class space    used 16111K, committed 17216K, reserved 1048576K
}
Event: 12.923 GC heap before
{Heap before GC invocations=34 (full 0):
 garbage-first heap   total 239616K, used 202019K [0x0000000080000000, 0x0000000100000000)
  region size 1024K, 89 young (91136K), 9 survivors (9216K)
 Metaspace       used 131428K, committed 133632K, reserved 1179648K
  class space    used 17217K, committed 18304K, reserved 1048576K
}
Event: 12.932 GC heap after
{Heap after GC invocations=35 (full 0):
 garbage-first heap   total 239616K, used 124359K [0x0000000080000000, 0x0000000100000000)
  region size 1024K, 11 young (11264K), 11 survivors (11264K)
 Metaspace       used 131428K, committed 133632K, reserved 1179648K
  class space    used 17217K, committed 18304K, reserved 1048576K
}
Event: 14.990 GC heap before
{Heap before GC invocations=35 (full 0):
 garbage-first heap   total 239616K, used 213447K [0x0000000080000000, 0x0000000100000000)
  region size 1024K, 99 young (101376K), 11 survivors (11264K)
 Metaspace       used 147456K, committed 149760K, reserved 1179648K
  class space    used 19070K, committed 20224K, reserved 1048576K
}
Event: 15.000 GC heap after
{Heap after GC invocations=36 (full 0):
 garbage-first heap   total 239616K, used 129394K [0x0000000080000000, 0x0000000100000000)
  region size 1024K, 10 young (10240K), 10 survivors (10240K)
 Metaspace       used 147456K, committed 149760K, reserved 1179648K
  class space    used 19070K, committed 20224K, reserved 1048576K
}
Event: 16.440 GC heap before
{Heap before GC invocations=36 (full 0):
 garbage-first heap   total 239616K, used 213362K [0x0000000080000000, 0x0000000100000000)
  region size 1024K, 93 young (95232K), 10 survivors (10240K)
 Metaspace       used 148519K, committed 150784K, reserved 1245184K
  class space    used 19121K, committed 20224K, reserved 1048576K
}
Event: 16.453 GC heap after
{Heap after GC invocations=37 (full 0):
 garbage-first heap   total 239616K, used 136434K [0x0000000080000000, 0x0000000100000000)
  region size 1024K, 12 young (12288K), 12 survivors (12288K)
 Metaspace       used 148519K, committed 150784K, reserved 1245184K
  class space    used 19121K, committed 20224K, reserved 1048576K
}
Event: 16.999 GC heap before
{Heap before GC invocations=38 (full 0):
 garbage-first heap   total 245760K, used 213234K [0x0000000080000000, 0x0000000100000000)
  region size 1024K, 88 young (90112K), 12 survivors (12288K)
 Metaspace       used 148527K, committed 150784K, reserved 1245184K
  class space    used 19122K, committed 20224K, reserved 1048576K
}
Event: 17.009 GC heap after
{Heap after GC invocations=39 (full 0):
 garbage-first heap   total 245760K, used 138284K [0x0000000080000000, 0x0000000100000000)
  region size 1024K, 5 young (5120K), 5 survivors (5120K)
 Metaspace       used 148527K, committed 150784K, reserved 1245184K
  class space    used 19122K, committed 20224K, reserved 1048576K
}
Event: 17.606 GC heap before
{Heap before GC invocations=39 (full 0):
 garbage-first heap   total 245760K, used 244780K [0x0000000080000000, 0x0000000100000000)
  region size 1024K, 92 young (94208K), 5 survivors (5120K)
 Metaspace       used 148672K, committed 150912K, reserved 1245184K
  class space    used 19145K, committed 20288K, reserved 1048576K
}
Event: 17.625 GC heap after
{Heap after GC invocations=40 (full 0):
 garbage-first heap   total 272384K, used 163840K [0x0000000080000000, 0x0000000100000000)
  region size 1024K, 12 young (12288K), 12 survivors (12288K)
 Metaspace       used 148672K, committed 150912K, reserved 1245184K
  class space    used 19145K, committed 20288K, reserved 1048576K
}
Event: 17.629 GC heap before
{Heap before GC invocations=40 (full 0):
 garbage-first heap   total 272384K, used 163840K [0x0000000080000000, 0x0000000100000000)
  region size 1024K, 13 young (13312K), 12 survivors (12288K)
 Metaspace       used 148677K, committed 150912K, reserved 1245184K
  class space    used 19145K, committed 20288K, reserved 1048576K
}
Event: 17.637 GC heap after
{Heap after GC invocations=41 (full 0):
 garbage-first heap   total 272384K, used 166941K [0x0000000080000000, 0x0000000100000000)
  region size 1024K, 2 young (2048K), 2 survivors (2048K)
 Metaspace       used 148677K, committed 150912K, reserved 1245184K
  class space    used 19145K, committed 20288K, reserved 1048576K
}
Event: 18.096 GC heap before
{Heap before GC invocations=42 (full 0):
 garbage-first heap   total 296960K, used 239645K [0x0000000080000000, 0x0000000100000000)
  region size 1024K, 72 young (73728K), 2 survivors (2048K)
 Metaspace       used 149348K, committed 151552K, reserved 1245184K
  class space    used 19151K, committed 20288K, reserved 1048576K
}
Event: 18.103 GC heap after
{Heap after GC invocations=43 (full 0):
 garbage-first heap   total 296960K, used 173298K [0x0000000080000000, 0x0000000100000000)
  region size 1024K, 9 young (9216K), 9 survivors (9216K)
 Metaspace       used 149348K, committed 151552K, reserved 1245184K
  class space    used 19151K, committed 20288K, reserved 1048576K
}
Event: 19.178 GC heap before
{Heap before GC invocations=43 (full 0):
 garbage-first heap   total 296960K, used 265458K [0x0000000080000000, 0x0000000100000000)
  region size 1024K, 93 young (95232K), 9 survivors (9216K)
 Metaspace       used 156868K, committed 159104K, reserved 1245184K
  class space    used 19962K, committed 21056K, reserved 1048576K
}
Event: 19.186 GC heap after
{Heap after GC invocations=44 (full 0):
 garbage-first heap   total 296960K, used 180884K [0x0000000080000000, 0x0000000100000000)
  region size 1024K, 7 young (7168K), 7 survivors (7168K)
 Metaspace       used 156868K, committed 159104K, reserved 1245184K
  class space    used 19962K, committed 21056K, reserved 1048576K
}
Event: 19.520 GC heap before
{Heap before GC invocations=44 (full 0):
 garbage-first heap   total 296960K, used 208532K [0x0000000080000000, 0x0000000100000000)
  region size 1024K, 35 young (35840K), 7 survivors (7168K)
 Metaspace       used 159517K, committed 161856K, reserved 1245184K
  class space    used 20388K, committed 21568K, reserved 1048576K
}
Event: 19.525 GC heap after
{Heap after GC invocations=45 (full 0):
 garbage-first heap   total 296960K, used 183633K [0x0000000080000000, 0x0000000100000000)
  region size 1024K, 3 young (3072K), 3 survivors (3072K)
 Metaspace       used 159517K, committed 161856K, reserved 1245184K
  class space    used 20388K, committed 21568K, reserved 1048576K
}

