# JRE version: OpenJDK Runtime Environment (21.0.3) (build 21.0.3+-12282718-b509.11)
# Java VM: OpenJDK 64-Bit Server VM (21.0.3+-12282718-b509.11, mixed mode, tiered, compressed oops, compressed class ptrs, g1 gc, windows-amd64)
GC Precious Log:
 CardTable entry size: 512
 Card Set container configuration: InlinePtr #cards 5 size 8 Array Of Cards #cards 12 size 40 Howl #buckets 4 coarsen threshold 1843 Howl Bitmap #cards 512 size 80 coarsen threshold 460 Card regions per heap region 1 cards per card region 2048
 CPUs: 6 total, 6 available
 Memory: 7545M
 Large Page Support: Disabled
 NUMA Support: Disabled
 Compressed Oops: Enabled (32-bit)
 Heap Region Size: 1M
 Heap Min Capacity: 8M
 Heap Initial Capacity: 118M
 Heap Max Capacity: 2G
 Pre-touch: Disabled
 Parallel Workers: 6
 Concurrent Workers: 2
 Concurrent Refinement Workers: 6
 Periodic GC: Disabled
Heap:
 garbage-first heap   total 403456K, used 268800K [0x0000000080000000, 0x0000000100000000)
  region size 1024K, 44 young (45056K), 12 survivors (12288K)
 Metaspace       used 168610K, committed 171136K, reserved 1245184K
  class space    used 22996K, committed 24256K, reserved 1048576K
GC Heap History (20 events):
Event: 33.385 GC heap before
{Heap before GC invocations=40 (full 0):
 garbage-first heap   total 295936K, used 238464K [0x0000000080000000, 0x0000000100000000)
  region size 1024K, 85 young (87040K), 3 survivors (3072K)
 Metaspace       used 126649K, committed 128832K, reserved 1179648K
  class space    used 17087K, committed 18176K, reserved 1048576K
}
Event: 33.405 GC heap after
{Heap after GC invocations=41 (full 0):
 garbage-first heap   total 295936K, used 159658K [0x0000000080000000, 0x0000000100000000)
  region size 1024K, 8 young (8192K), 8 survivors (8192K)
 Metaspace       used 126649K, committed 128832K, reserved 1179648K
  class space    used 17087K, committed 18176K, reserved 1048576K
}
Event: 38.747 GC heap before
{Heap before GC invocations=41 (full 0):
 garbage-first heap   total 295936K, used 249770K [0x0000000080000000, 0x0000000100000000)
  region size 1024K, 97 young (99328K), 8 survivors (8192K)
 Metaspace       used 127507K, committed 129664K, reserved 1179648K
  class space    used 17180K, committed 18240K, reserved 1048576K
}
Event: 38.768 GC heap after
{Heap after GC invocations=42 (full 0):
 garbage-first heap   total 295936K, used 166763K [0x0000000080000000, 0x0000000100000000)
  region size 1024K, 13 young (13312K), 13 survivors (13312K)
 Metaspace       used 127507K, committed 129664K, reserved 1179648K
  class space    used 17180K, committed 18240K, reserved 1048576K
}
Event: 42.109 GC heap before
{Heap before GC invocations=42 (full 0):
 garbage-first heap   total 295936K, used 254827K [0x0000000080000000, 0x0000000100000000)
  region size 1024K, 100 young (102400K), 13 survivors (13312K)
 Metaspace       used 131857K, committed 134144K, reserved 1179648K
  class space    used 17764K, committed 18944K, reserved 1048576K
}
Event: 42.128 GC heap after
{Heap after GC invocations=43 (full 0):
 garbage-first heap   total 295936K, used 171430K [0x0000000080000000, 0x0000000100000000)
  region size 1024K, 7 young (7168K), 7 survivors (7168K)
 Metaspace       used 131857K, committed 134144K, reserved 1179648K
  class space    used 17764K, committed 18944K, reserved 1048576K
}
Event: 49.238 GC heap before
{Heap before GC invocations=43 (full 0):
 garbage-first heap   total 295936K, used 230822K [0x0000000080000000, 0x0000000100000000)
  region size 1024K, 67 young (68608K), 7 survivors (7168K)
 Metaspace       used 134297K, committed 136640K, reserved 1179648K
  class space    used 18105K, committed 19264K, reserved 1048576K
}
Event: 49.264 GC heap after
{Heap after GC invocations=44 (full 0):
 garbage-first heap   total 295936K, used 180497K [0x0000000080000000, 0x0000000100000000)
  region size 1024K, 12 young (12288K), 12 survivors (12288K)
 Metaspace       used 134297K, committed 136640K, reserved 1179648K
  class space    used 18105K, committed 19264K, reserved 1048576K
}
Event: 51.426 GC heap before
{Heap before GC invocations=45 (full 0):
 garbage-first heap   total 295936K, used 240913K [0x0000000080000000, 0x0000000100000000)
  region size 1024K, 91 young (93184K), 12 survivors (12288K)
 Metaspace       used 141482K, committed 143808K, reserved 1179648K
  class space    used 19031K, committed 20160K, reserved 1048576K
}
Event: 51.471 GC heap after
{Heap after GC invocations=46 (full 0):
 garbage-first heap   total 295936K, used 175255K [0x0000000080000000, 0x0000000100000000)
  region size 1024K, 12 young (12288K), 12 survivors (12288K)
 Metaspace       used 141482K, committed 143808K, reserved 1179648K
  class space    used 19031K, committed 20160K, reserved 1048576K
}
Event: 53.500 GC heap before
{Heap before GC invocations=46 (full 0):
 garbage-first heap   total 295936K, used 256151K [0x0000000080000000, 0x0000000100000000)
  region size 1024K, 92 young (94208K), 12 survivors (12288K)
 Metaspace       used 148686K, committed 151040K, reserved 1179648K
  class space    used 20086K, committed 21312K, reserved 1048576K
}
Event: 53.521 GC heap after
{Heap after GC invocations=47 (full 0):
 garbage-first heap   total 295936K, used 165638K [0x0000000080000000, 0x0000000100000000)
  region size 1024K, 5 young (5120K), 5 survivors (5120K)
 Metaspace       used 148686K, committed 151040K, reserved 1179648K
  class space    used 20086K, committed 21312K, reserved 1048576K
}
Event: 55.435 GC heap before
{Heap before GC invocations=47 (full 0):
 garbage-first heap   total 295936K, used 259846K [0x0000000080000000, 0x0000000100000000)
  region size 1024K, 98 young (100352K), 5 survivors (5120K)
 Metaspace       used 160448K, committed 162880K, reserved 1245184K
  class space    used 22203K, committed 23424K, reserved 1048576K
}
Event: 55.444 GC heap after
{Heap after GC invocations=48 (full 0):
 garbage-first heap   total 295936K, used 166811K [0x0000000080000000, 0x0000000100000000)
  region size 1024K, 6 young (6144K), 6 survivors (6144K)
 Metaspace       used 160448K, committed 162880K, reserved 1245184K
  class space    used 22203K, committed 23424K, reserved 1048576K
}
Event: 444.058 GC heap before
{Heap before GC invocations=49 (full 0):
 garbage-first heap   total 295936K, used 293787K [0x0000000080000000, 0x0000000100000000)
  region size 1024K, 103 young (105472K), 6 survivors (6144K)
 Metaspace       used 167981K, committed 170432K, reserved 1245184K
  class space    used 22993K, committed 24256K, reserved 1048576K
}
Event: 444.076 GC heap after
{Heap after GC invocations=50 (full 0):
 garbage-first heap   total 303104K, used 167653K [0x0000000080000000, 0x0000000100000000)
  region size 1024K, 7 young (7168K), 7 survivors (7168K)
 Metaspace       used 167981K, committed 170432K, reserved 1245184K
  class space    used 22993K, committed 24256K, reserved 1048576K
}
Event: 446.217 GC heap before
{Heap before GC invocations=50 (full 0):
 garbage-first heap   total 303104K, used 279269K [0x0000000080000000, 0x0000000100000000)
  region size 1024K, 114 young (116736K), 7 survivors (7168K)
 Metaspace       used 168498K, committed 171008K, reserved 1245184K
  class space    used 22994K, committed 24256K, reserved 1048576K
}
Event: 446.273 GC heap after
{Heap after GC invocations=51 (full 0):
 garbage-first heap   total 322560K, used 196608K [0x0000000080000000, 0x0000000100000000)
  region size 1024K, 15 young (15360K), 15 survivors (15360K)
 Metaspace       used 168498K, committed 171008K, reserved 1245184K
  class space    used 22994K, committed 24256K, reserved 1048576K
}
Event: 446.658 GC heap before
{Heap before GC invocations=51 (full 0):
 garbage-first heap   total 322560K, used 220160K [0x0000000080000000, 0x0000000100000000)
  region size 1024K, 39 young (39936K), 15 survivors (15360K)
 Metaspace       used 168526K, committed 171008K, reserved 1245184K
  class space    used 22994K, committed 24256K, reserved 1048576K
}
Event: 446.686 GC heap after
{Heap after GC invocations=52 (full 0):
 garbage-first heap   total 322560K, used 210432K [0x0000000080000000, 0x0000000100000000)
  region size 1024K, 12 young (12288K), 12 survivors (12288K)
 Metaspace       used 168526K, committed 171008K, reserved 1245184K
  class space    used 22994K, committed 24256K, reserved 1048576K
}

